{"ts": "2025-08-09 00:28:55", "tipo": "remocao_invalido", "key": "MATICUSDT|2025-08-08 18:59:35|2026-08-08 18:59:35", "motivo": "Sem preço ao vivo/erro de validação após múltiplas tentativas"}
{"ts": "2025-08-09 00:28:55", "tipo": "remocao_invalido", "key": "MATICUSDT|2025-08-08 20:56:05|2025-08-15 20:56:05", "motivo": "Sem preço ao vivo/erro de validação após múltiplas tentativas"}
{"ts": "2025-08-09 00:28:55", "tipo": "remocao_invalido", "key": "MATICUSDT|2025-08-08 20:56:05|2026-08-08 20:56:05", "motivo": "Sem preço ao vivo/erro de validação após múltiplas tentativas"}
{"ts": "2025-08-09 01:29:51", "tipo": "remocao_invalido", "key": "MATICUSDT|2025-08-08 20:56:05|2025-08-15 20:56:05", "motivo": "Sem preço ao vivo/erro de validação após múltiplas tentativas"}
{"ts": "2025-08-09 01:29:51", "tipo": "remocao_invalido", "key": "MATICUSDT|2025-08-08 20:56:05|2026-08-08 20:56:05", "motivo": "Sem preço ao vivo/erro de validação após múltiplas tentativas"}
{"ts": "2025-08-09 01:30:00", "tipo": "remocao_invalido", "key": "MATICUSDT|2025-08-08 22:22:32|2025-08-09 22:22:32", "motivo": "Sem preço ao vivo/erro de validação após múltiplas tentativas"}
{"ts": "2025-08-09 01:30:19", "tipo": "remocao_invalido", "key": "MATICUSDT|2025-08-08 18:59:35|2026-08-08 18:59:35", "motivo": "Sem preço ao vivo/erro de validação após múltiplas tentativas"}
{"ts": "2025-08-09 01:31:29", "tipo": "remocao_invalido", "key": "MATICUSDT|2025-08-08 20:56:05|2025-08-15 20:56:05", "motivo": "Sem preço ao vivo/erro de validação após múltiplas tentativas"}
{"ts": "2025-08-09 01:31:29", "tipo": "remocao_invalido", "key": "MATICUSDT|2025-08-08 20:56:05|2026-08-08 20:56:05", "motivo": "Sem preço ao vivo/erro de validação após múltiplas tentativas"}
{"ts": "2025-08-09 01:31:53", "tipo": "remocao_invalido", "key": "MATICUSDT|2025-08-08 22:22:32|2025-08-09 22:22:32", "motivo": "Sem preço ao vivo/erro de validação após múltiplas tentativas"}
{"ts": "2025-08-09 01:33:26", "tipo": "remocao_invalido", "key": "MATICUSDT|2025-08-08 20:56:05|2025-08-15 20:56:05", "motivo": "Sem preço ao vivo/erro de validação após múltiplas tentativas"}
{"ts": "2025-08-09 01:33:26", "tipo": "remocao_invalido", "key": "MATICUSDT|2025-08-08 20:56:05|2026-08-08 20:56:05", "motivo": "Sem preço ao vivo/erro de validação após múltiplas tentativas"}
{"ts": "2025-08-09 01:37:03", "tipo": "remocao_invalido", "key": "MATICUSDT|2025-08-09 01:30:00|2025-08-10 01:30:00", "motivo": "Sem preço ao vivo/erro de validação após múltiplas tentativas"}
{"ts": "2025-08-09 09:33:51", "tipo": "remocao_invalido", "key": "MATICUSDT|2025-08-09 06:32:54|2025-08-09 06:42:54", "motivo": "Sem preço ao vivo/erro de validação após múltiplas tentativas"}
{"ts": "2025-08-09 10:02:18", "tipo": "remocao_invalido", "key": "CARDANOADAUSDT|2025-08-09 09:43:05|2025-08-10 09:43:05", "motivo": "Sem preço ao vivo/erro de validação após múltiplas tentativas"}
{"ts": "2025-08-09 10:02:18", "tipo": "remocao_invalido", "key": "POLKADOTDOTUSDT|2025-08-09 09:43:05|2025-08-10 09:43:05", "motivo": "Sem preço ao vivo/erro de validação após múltiplas tentativas"}
{"ts": "2025-08-09 10:02:18", "tipo": "remocao_invalido", "key": "AVALANCHEAVAXUSDT|2025-08-09 09:43:05|2025-08-10 09:43:05", "motivo": "Sem preço ao vivo/erro de validação após múltiplas tentativas"}
{"ts": "2025-08-09 10:02:18", "tipo": "remocao_invalido", "key": "NEARPROTOCOLNEARUSDT|2025-08-09 09:43:05|2025-08-10 09:43:05", "motivo": "Sem preço ao vivo/erro de validação após múltiplas tentativas"}
{"ts": "2025-08-09 10:02:18", "tipo": "remocao_invalido", "key": "COSMOSATOMUSDT|2025-08-09 09:43:05|2025-08-10 09:43:05", "motivo": "Sem preço ao vivo/erro de validação após múltiplas tentativas"}
{"ts": "2025-08-09 10:02:18", "tipo": "remocao_invalido", "key": "LITECOINLTCUSDT|2025-08-09 09:43:05|2025-08-10 09:43:05", "motivo": "Sem preço ao vivo/erro de validação após múltiplas tentativas"}
{"ts": "2025-08-09 10:02:18", "tipo": "remocao_invalido", "key": "POLYGONMATICUSDT|2025-08-09 09:43:05|2025-08-10 09:43:05", "motivo": "Sem preço ao vivo/erro de validação após múltiplas tentativas"}
{"ts": "2025-08-09 10:02:18", "tipo": "remocao_invalido", "key": "FILECOINFILUSDT|2025-08-09 09:43:05|2025-08-10 09:43:05", "motivo": "Sem preço ao vivo/erro de validação após múltiplas tentativas"}
{"ts": "2025-08-09 10:02:18", "tipo": "remocao_invalido", "key": "INJECTIVEINJUSDT|2025-08-09 09:43:05|2025-08-10 09:43:05", "motivo": "Sem preço ao vivo/erro de validação após múltiplas tentativas"}
{"ts": "2025-08-09 10:02:18", "tipo": "remocao_invalido", "key": "CHAINLINKLINKUSDT|2025-08-09 09:43:05|2025-08-10 09:43:05", "motivo": "Sem preço ao vivo/erro de validação após múltiplas tentativas"}
{"ts": "2025-08-09 10:02:18", "tipo": "remocao_invalido", "key": "RENDERRNDRUSDT|2025-08-09 09:43:05|2025-08-10 09:43:05", "motivo": "Sem preço ao vivo/erro de validação após múltiplas tentativas"}
{"ts": "2025-08-09 10:02:18", "tipo": "remocao_invalido", "key": "SUISUIUSDT|2025-08-09 09:43:05|2025-08-10 09:43:05", "motivo": "Sem preço ao vivo/erro de validação após múltiplas tentativas"}
{"ts": "2025-08-09 10:06:14", "tipo": "remocao_invalido", "key": "PEPEUSDT|2024-05-15 10:00:00|2024-05-16 10:00:00", "motivo": "Sem preço ao vivo/erro de validação após múltiplas tentativas"}
{"ts": "2025-08-09 10:06:14", "tipo": "remocao_invalido", "key": "RNDRUSDT|2024-05-15 10:00:00|2024-05-16 10:00:00", "motivo": "Sem preço ao vivo/erro de validação após múltiplas tentativas"}
{"ts": "2025-08-09 10:15:08", "tipo": "remocao_invalido", "key": "MATICUSDT|2025-08-09 09:15:00|2025-08-10 06:15:00", "motivo": "Sem preço ao vivo/erro de validação após múltiplas tentativas"}
{"ts": "2025-08-09 10:15:08", "tipo": "remocao_invalido", "key": "RNDRUSDT|2025-08-09 08:58:00|2025-08-10 04:58:00", "motivo": "Sem preço ao vivo/erro de validação após múltiplas tentativas"}
{"ts": "2025-08-09 10:26:59", "tipo": "remocao_invalido", "key": "RNDRUSDT|2025-08-09 08:30:00|2025-08-10 00:30:00", "motivo": "Sem preço ao vivo/erro de validação após múltiplas tentativas"}
{"ts": "2025-08-09 10:26:59", "tipo": "remocao_invalido", "key": "MATICUSDT|2025-08-09 07:45:00|2025-08-09 23:45:00", "motivo": "Sem preço ao vivo/erro de validação após múltiplas tentativas"}
